Wed Mar  3 17:58:39 2021       
+-----------------------------------------------------------------------------+
| NVIDIA-SMI 440.64       Driver Version: 440.64       CUDA Version: 10.2     |
|-------------------------------+----------------------+----------------------+
| GPU  Name        Persistence-M| Bus-Id        Disp.A | Volatile Uncorr. ECC |
| Fan  Temp  Perf  Pwr:Usage/Cap|         Memory-Usage | GPU-Util  Compute M. |
|===============================+======================+======================|
|   0  Tesla V100-SXM2...  On   | 00000000:1A:00.0 Off |                    0 |
| N/A   37C    P0    42W / 300W |      0MiB / 16160MiB |      0%      Default |
+-------------------------------+----------------------+----------------------+
                                                                               
+-----------------------------------------------------------------------------+
| Processes:                                                       GPU Memory |
|  GPU       PID   Type   Process name                             Usage      |
|=============================================================================|
|  No running processes found                                                 |
+-----------------------------------------------------------------------------+
03/03/2021 17:58:54 - WARNING - __main__ -   Process rank: -1, device: cuda:0, n_gpu: 1distributed training: False, 16-bits training: False
03/03/2021 17:58:54 - INFO - __main__ -   Training/evaluation parameters TrainingArguments(output_dir=/data/engs-hatespeech/sedm6193/adapted-models/bert-random-1m, overwrite_output_dir=True, do_train=True, do_eval=True, do_predict=False, evaluation_strategy=IntervalStrategy.EPOCH, prediction_loss_only=False, per_device_train_batch_size=128, per_device_eval_batch_size=128, gradient_accumulation_steps=1, eval_accumulation_steps=None, learning_rate=5e-05, weight_decay=0.0, adam_beta1=0.9, adam_beta2=0.999, adam_epsilon=1e-08, max_grad_norm=1.0, num_train_epochs=3.0, max_steps=-1, lr_scheduler_type=SchedulerType.LINEAR, warmup_ratio=0.0, warmup_steps=0, logging_dir=runs/Mar03_17-58-53_arcus-htc-gpu024, logging_strategy=IntervalStrategy.STEPS, logging_first_step=False, logging_steps=500, save_strategy=IntervalStrategy.STEPS, save_steps=500, save_total_limit=None, no_cuda=False, seed=42, fp16=False, fp16_opt_level=O1, fp16_backend=auto, fp16_full_eval=False, local_rank=-1, tpu_num_cores=None, tpu_metrics_debug=False, debug=False, dataloader_drop_last=False, eval_steps=500, dataloader_num_workers=0, past_index=-1, run_name=/data/engs-hatespeech/sedm6193/adapted-models/bert-random-1m, disable_tqdm=False, remove_unused_columns=True, label_names=None, load_best_model_at_end=False, metric_for_best_model=None, greater_is_better=None, ignore_data_skip=False, sharded_ddp=[], deepspeed=None, label_smoothing_factor=0.0, adafactor=False, group_by_length=False, report_to=[], ddp_find_unused_parameters=None, dataloader_pin_memory=True, skip_memory_metrics=False, _n_gpu=1)
03/03/2021 17:58:55 - WARNING - datasets.builder -   Using custom data configuration default-e4072721d5df2e75
03/03/2021 17:58:55 - WARNING - datasets.builder -   Reusing dataset text (/home/sedm6193/.cache/huggingface/datasets/text/default-e4072721d5df2e75/0.0.0/44d63bd03e7e554f16131765a251f2d8333a5fe8a73f6ea3de012dbc49443691)
03/03/2021 17:59:05 - INFO - __main__ -   Resize token embeddings to fit tokenizer dimension (necessary for special tokens)
03/03/2021 17:59:05 - WARNING - datasets.arrow_dataset -   Loading cached processed dataset at /home/sedm6193/.cache/huggingface/datasets/text/default-e4072721d5df2e75/0.0.0/44d63bd03e7e554f16131765a251f2d8333a5fe8a73f6ea3de012dbc49443691/cache-b3790f420f0be86e.arrow
03/03/2021 17:59:14 - WARNING - datasets.arrow_dataset -   Loading cached processed dataset at /home/sedm6193/.cache/huggingface/datasets/text/default-e4072721d5df2e75/0.0.0/44d63bd03e7e554f16131765a251f2d8333a5fe8a73f6ea3de012dbc49443691/cache-cdb505d9b1e00330.arrow
